<?xml version="1.0" encoding="utf-8"?><testsuites><testsuite name="pytest" errors="0" failures="0" skipped="0" tests="4" time="0.126" timestamp="2022-09-12T22:36:17.744347" hostname="NE020017"><testcase classname="fizzbuzz_test.test_fizzbuzz.TestFizzBuzz" name="test_buzz" time="0.003" /><testcase classname="fizzbuzz_test.test_fizzbuzz.TestFizzBuzz" name="test_fizz" time="0.001" /><testcase classname="fizzbuzz_test.test_fizzbuzz.TestFizzBuzz" name="test_fizzbuzz" time="0.001" /><testcase classname="fizzbuzz_test.test_fizzbuzz.TestFizzBuzz" name="test_number" time="0.001" /></testsuite></testsuites>